<?xml version="1.0"?>
<testsuite name="org.owasp.webscarab.data.test.Suite" tests="2" failures="0" errors="0" time="0.082">
  <properties>
[...]
</properties>
  <testcase name="testEnqueue" time="0.024"></testcase>
  <testcase name="testDequeue" time="0.0050"></testcase>
  <system-out></system-out>
  <system-err>QPS: r@org.owasp.webscarab.data.AuditRow@66aa18; h@null; t@null
QPS: r@org.owasp.webscarab.data.AuditRow@292d26; h@org.owasp.webscarab.data.AuditRow@66aa18; t@org.owasp.webscarab.data.AuditRow@66aa18
QPS: r@org.owasp.webscarab.data.AuditRow@5329c5; h@org.owasp.webscarab.data.AuditRow@66aa18; t@org.owasp.webscarab.data.AuditRow@292d26
QPS: r@org.owasp.webscarab.data.AuditRow@f26605; h@null; t@null
QPS: r@org.owasp.webscarab.data.AuditRow@7ebe1; h@org.owasp.webscarab.data.AuditRow@f26605; t@org.owasp.webscarab.data.AuditRow@f26605
QPS: r@org.owasp.webscarab.data.AuditRow@f11b8; h@org.owasp.webscarab.data.AuditRow@f26605; t@org.owasp.webscarab.data.AuditRow@7ebe1
QPL: r@org.owasp.webscarab.data.AuditRow@f26605; h@org.owasp.webscarab.data.AuditRow@f26605; t@org.owasp.webscarab.data.AuditRow@f11b8
QPL: r@org.owasp.webscarab.data.AuditRow@7ebe1; h@org.owasp.webscarab.data.AuditRow@7ebe1; t@org.owasp.webscarab.data.AuditRow@f11b8
QPL: r@org.owasp.webscarab.data.AuditRow@f11b8; h@org.owasp.webscarab.data.AuditRow@f11b8; t@org.owasp.webscarab.data.AuditRow@f11b8
QPS: r@org.owasp.webscarab.data.AuditRow@f26605; h@null; t@null
QPL: r@org.owasp.webscarab.data.AuditRow@f26605; h@org.owasp.webscarab.data.AuditRow@f26605; t@org.owasp.webscarab.data.AuditRow@f26605
QPS: r@org.owasp.webscarab.data.AuditRow@7ebe1; h@null; t@null
QPL: r@org.owasp.webscarab.data.AuditRow@7ebe1; h@org.owasp.webscarab.data.AuditRow@7ebe1; t@org.owasp.webscarab.data.AuditRow@7ebe1
</system-err>
</testsuite>
